-- The C compiler identification is GNU 11.4.0
-- The CXX compiler identification is GNU 11.4.0
-- Detecting C compiler ABI info
-- Detecting C compiler ABI info - done
-- Check for working C compiler: /usr/bin/cc - skipped
-- Detecting C compile features
-- Detecting C compile features - done
-- Detecting CXX compiler ABI info
-- Detecting CXX compiler ABI info - done
-- Check for working CXX compiler: /usr/bin/c++ - skipped
-- Detecting CXX compile features
-- Detecting CXX compile features - done
-- Found ament_cmake: 1.3.14 (/opt/ros/humble/share/ament_cmake/cmake)
-- Found Python3: /usr/bin/python3 (found version "3.10.12") found components: Interpreter 
-- Found rclcpp: 16.0.19 (/opt/ros/humble/share/rclcpp/cmake)
-- Found rosidl_generator_c: 3.1.8 (/opt/ros/humble/share/rosidl_generator_c/cmake)
-- Found rosidl_adapter: 3.1.8 (/opt/ros/humble/share/rosidl_adapter/cmake)
-- Found rosidl_generator_cpp: 3.1.8 (/opt/ros/humble/share/rosidl_generator_cpp/cmake)
-- Using all available rosidl_typesupport_c: rosidl_typesupport_fastrtps_c;rosidl_typesupport_introspection_c
-- Using all available rosidl_typesupport_cpp: rosidl_typesupport_fastrtps_cpp;rosidl_typesupport_introspection_cpp
-- Found rmw_implementation_cmake: 6.1.2 (/opt/ros/humble/share/rmw_implementation_cmake/cmake)
-- Found rmw_fastrtps_cpp: 6.2.10 (/opt/ros/humble/share/rmw_fastrtps_cpp/cmake)
-- Found OpenSSL: /usr/lib/aarch64-linux-gnu/libcrypto.so (found version "3.0.2")  
-- Found FastRTPS: /opt/ros/humble/include  
-- Using RMW implementation 'rmw_fastrtps_cpp' as default
-- Looking for pthread.h
-- Looking for pthread.h - found
-- Performing Test CMAKE_HAVE_LIBC_PTHREAD
-- Performing Test CMAKE_HAVE_LIBC_PTHREAD - Success
-- Found Threads: TRUE  
-- Found geometry_msgs: 4.9.1 (/opt/ros/humble/share/geometry_msgs/cmake)
-- Configuring done
-- Generating done
-- Build files have been written to: /ws/ros2/build/object_pose
[ 50%] [32mBuilding CXX object CMakeFiles/pose_latency_monitor.dir/src/pose_latency_monitor.cpp.o[0m
[100%] [32m[1mLinking CXX executable pose_latency_monitor[0m
[100%] Built target pose_latency_monitor
-- Install configuration: ""
-- Installing: /ws/ros2/install/object_pose/lib/object_pose/pose_latency_monitor
-- Set runtime path of "/ws/ros2/install/object_pose/lib/object_pose/pose_latency_monitor" to ""
-- Installing: /ws/ros2/install/object_pose/share/object_pose/config
-- Installing: /ws/ros2/install/object_pose/share/object_pose/config/demo.rviz
-- Installing: /ws/ros2/install/object_pose/lib/object_pose/demo_rgbd_publisher.py
-- Installing: /ws/ros2/install/object_pose/lib/object_pose/rgbd_pose_node.py
-- Installing: /ws/ros2/install/object_pose/share/ament_index/resource_index/package_run_dependencies/object_pose
-- Installing: /ws/ros2/install/object_pose/share/ament_index/resource_index/parent_prefix_path/object_pose
-- Installing: /ws/ros2/install/object_pose/share/object_pose/environment/ament_prefix_path.sh
-- Installing: /ws/ros2/install/object_pose/share/object_pose/environment/ament_prefix_path.dsv
-- Installing: /ws/ros2/install/object_pose/share/object_pose/environment/path.sh
-- Installing: /ws/ros2/install/object_pose/share/object_pose/environment/path.dsv
-- Installing: /ws/ros2/install/object_pose/share/object_pose/local_setup.bash
-- Installing: /ws/ros2/install/object_pose/share/object_pose/local_setup.sh
-- Installing: /ws/ros2/install/object_pose/share/object_pose/local_setup.zsh
-- Installing: /ws/ros2/install/object_pose/share/object_pose/local_setup.dsv
-- Installing: /ws/ros2/install/object_pose/share/object_pose/package.dsv
-- Installing: /ws/ros2/install/object_pose/share/ament_index/resource_index/packages/object_pose
-- Installing: /ws/ros2/install/object_pose/share/object_pose/cmake/object_poseConfig.cmake
-- Installing: /ws/ros2/install/object_pose/share/object_pose/cmake/object_poseConfig-version.cmake
-- Installing: /ws/ros2/install/object_pose/share/object_pose/package.xml
