[0.042s] DEBUG:colcon:Command line arguments: ['/usr/bin/colcon', 'build', '--packages-select', 'object_pose']
[0.042s] DEBUG:colcon:Parsed command line arguments: Namespace(log_base=None, log_level=None, verb_name='build', build_base='build', install_base='install', merge_install=False, symlink_install=False, test_result_base=None, continue_on_error=False, executor='parallel', parallel_workers=14, event_handlers=None, ignore_user_meta=False, metas=['./colcon.meta'], base_paths=['.'], packages_ignore=None, packages_ignore_regex=None, paths=None, packages_up_to=None, packages_up_to_regex=None, packages_above=None, packages_above_and_dependencies=None, packages_above_depth=None, packages_select_by_dep=None, packages_skip_by_dep=None, packages_skip_up_to=None, packages_select_build_failed=False, packages_skip_build_finished=False, packages_select_test_failures=False, packages_skip_test_passed=False, packages_select=['object_pose'], packages_skip=None, packages_select_regex=None, packages_skip_regex=None, packages_start=None, packages_end=None, cmake_args=None, cmake_target=None, cmake_target_skip_unavailable=False, cmake_clean_cache=False, cmake_clean_first=False, cmake_force_configure=False, ament_cmake_args=None, catkin_cmake_args=None, catkin_skip_building_tests=False, mixin_files=None, mixin=None, verb_parser=<colcon_mixin.mixin.mixin_argument.MixinArgumentDecorator object at 0xffffa95329e0>, verb_extension=<colcon_core.verb.build.BuildVerb object at 0xffffa976f6d0>, main=<bound method BuildVerb.main of <colcon_core.verb.build.BuildVerb object at 0xffffa976f6d0>>, mixin_verb=('build',))
[0.086s] Level 1:colcon.colcon_core.package_discovery:discover_packages(colcon_meta) check parameters
[0.087s] INFO:colcon.colcon_metadata.package_discovery.colcon_meta:Using configuration from '/root/.colcon/metadata/default/Gazebo.meta'
[0.087s] INFO:colcon.colcon_metadata.package_discovery.colcon_meta:Using configuration from '/root/.colcon/metadata/default/fastdds.meta'
[0.087s] INFO:colcon.colcon_metadata.package_discovery.colcon_meta:Using configuration from '/root/.colcon/metadata/default/fastrtps.meta'
[0.087s] Level 1:colcon.colcon_core.package_discovery:discover_packages(recursive) check parameters
[0.087s] Level 1:colcon.colcon_core.package_discovery:discover_packages(ignore) check parameters
[0.087s] Level 1:colcon.colcon_core.package_discovery:discover_packages(path) check parameters
[0.087s] Level 1:colcon.colcon_core.package_discovery:discover_packages(colcon_meta) discover
[0.087s] Level 1:colcon.colcon_core.package_discovery:discover_packages(recursive) discover
[0.087s] INFO:colcon.colcon_core.package_discovery:Crawling recursively for packages in '/ws/ros2'
[0.088s] Level 1:colcon.colcon_core.package_identification:_identify(.) by extensions ['ignore', 'ignore_ament_install']
[0.088s] Level 1:colcon.colcon_core.package_identification:_identify(.) by extension 'ignore'
[0.088s] Level 1:colcon.colcon_core.package_identification:_identify(.) by extension 'ignore_ament_install'
[0.088s] Level 1:colcon.colcon_core.package_identification:_identify(.) by extensions ['colcon_pkg']
[0.088s] Level 1:colcon.colcon_core.package_identification:_identify(.) by extension 'colcon_pkg'
[0.088s] Level 1:colcon.colcon_core.package_identification:_identify(.) by extensions ['colcon_meta']
[0.088s] Level 1:colcon.colcon_core.package_identification:_identify(.) by extension 'colcon_meta'
[0.088s] Level 1:colcon.colcon_core.package_identification:_identify(.) by extensions ['ros']
[0.088s] Level 1:colcon.colcon_core.package_identification:_identify(.) by extension 'ros'
[0.092s] Level 1:colcon.colcon_core.package_identification:_identify(.) by extensions ['cmake', 'python']
[0.092s] Level 1:colcon.colcon_core.package_identification:_identify(.) by extension 'cmake'
[0.092s] Level 1:colcon.colcon_core.package_identification:_identify(.) by extension 'python'
[0.093s] Level 1:colcon.colcon_core.package_identification:_identify(.) by extensions ['python_setup_py']
[0.093s] Level 1:colcon.colcon_core.package_identification:_identify(.) by extension 'python_setup_py'
[0.093s] Level 1:colcon.colcon_core.package_identification:_identify(build) by extensions ['ignore', 'ignore_ament_install']
[0.093s] Level 1:colcon.colcon_core.package_identification:_identify(build) by extension 'ignore'
[0.093s] Level 1:colcon.colcon_core.package_identification:_identify(build) ignored
[0.093s] Level 1:colcon.colcon_core.package_identification:_identify(install) by extensions ['ignore', 'ignore_ament_install']
[0.093s] Level 1:colcon.colcon_core.package_identification:_identify(install) by extension 'ignore'
[0.093s] Level 1:colcon.colcon_core.package_identification:_identify(install) ignored
[0.094s] Level 1:colcon.colcon_core.package_identification:_identify(log) by extensions ['ignore', 'ignore_ament_install']
[0.094s] Level 1:colcon.colcon_core.package_identification:_identify(log) by extension 'ignore'
[0.094s] Level 1:colcon.colcon_core.package_identification:_identify(log) ignored
[0.094s] Level 1:colcon.colcon_core.package_identification:_identify(object_pose) by extensions ['ignore', 'ignore_ament_install']
[0.094s] Level 1:colcon.colcon_core.package_identification:_identify(object_pose) by extension 'ignore'
[0.094s] Level 1:colcon.colcon_core.package_identification:_identify(object_pose) by extension 'ignore_ament_install'
[0.094s] Level 1:colcon.colcon_core.package_identification:_identify(object_pose) by extensions ['colcon_pkg']
[0.094s] Level 1:colcon.colcon_core.package_identification:_identify(object_pose) by extension 'colcon_pkg'
[0.094s] Level 1:colcon.colcon_core.package_identification:_identify(object_pose) by extensions ['colcon_meta']
[0.094s] Level 1:colcon.colcon_core.package_identification:_identify(object_pose) by extension 'colcon_meta'
[0.094s] Level 1:colcon.colcon_core.package_identification:_identify(object_pose) by extensions ['ros']
[0.094s] Level 1:colcon.colcon_core.package_identification:_identify(object_pose) by extension 'ros'
[0.095s] DEBUG:colcon.colcon_core.package_identification:Package 'object_pose' with type 'ros.ament_cmake' and name 'object_pose'
[0.096s] Level 1:colcon.colcon_core.package_discovery:discover_packages(recursive) using defaults
[0.096s] Level 1:colcon.colcon_core.package_discovery:discover_packages(ignore) discover
[0.096s] Level 1:colcon.colcon_core.package_discovery:discover_packages(ignore) using defaults
[0.096s] Level 1:colcon.colcon_core.package_discovery:discover_packages(path) discover
[0.096s] Level 1:colcon.colcon_core.package_discovery:discover_packages(path) using defaults
[0.103s] Level 5:colcon.colcon_core.verb:set package 'object_pose' build argument 'cmake_args' from command line to 'None'
[0.103s] Level 5:colcon.colcon_core.verb:set package 'object_pose' build argument 'cmake_target' from command line to 'None'
[0.103s] Level 5:colcon.colcon_core.verb:set package 'object_pose' build argument 'cmake_target_skip_unavailable' from command line to 'False'
[0.103s] Level 5:colcon.colcon_core.verb:set package 'object_pose' build argument 'cmake_clean_cache' from command line to 'False'
[0.103s] Level 5:colcon.colcon_core.verb:set package 'object_pose' build argument 'cmake_clean_first' from command line to 'False'
[0.103s] Level 5:colcon.colcon_core.verb:set package 'object_pose' build argument 'cmake_force_configure' from command line to 'False'
[0.104s] Level 5:colcon.colcon_core.verb:set package 'object_pose' build argument 'ament_cmake_args' from command line to 'None'
[0.104s] Level 5:colcon.colcon_core.verb:set package 'object_pose' build argument 'catkin_cmake_args' from command line to 'None'
[0.104s] Level 5:colcon.colcon_core.verb:set package 'object_pose' build argument 'catkin_skip_building_tests' from command line to 'False'
[0.104s] DEBUG:colcon.colcon_core.verb:Building package 'object_pose' with the following arguments: {'ament_cmake_args': None, 'build_base': '/ws/ros2/build/object_pose', 'catkin_cmake_args': None, 'catkin_skip_building_tests': False, 'cmake_args': None, 'cmake_clean_cache': False, 'cmake_clean_first': False, 'cmake_force_configure': False, 'cmake_target': None, 'cmake_target_skip_unavailable': False, 'install_base': '/ws/ros2/install/object_pose', 'merge_install': False, 'path': '/ws/ros2/object_pose', 'symlink_install': False, 'test_result_base': None}
[0.104s] INFO:colcon.colcon_core.executor:Executing jobs using 'parallel' executor
[0.104s] DEBUG:colcon.colcon_parallel_executor.executor.parallel:run_until_complete
[0.104s] INFO:colcon.colcon_ros.task.ament_cmake.build:Building ROS package in '/ws/ros2/object_pose' with build type 'ament_cmake'
[0.105s] INFO:colcon.colcon_cmake.task.cmake.build:Building CMake package in '/ws/ros2/object_pose'
[0.105s] INFO:colcon.colcon_core.plugin_system:Skipping extension 'colcon_core.shell.bat': Not used on non-Windows systems
[0.105s] INFO:colcon.colcon_core.shell:Skip shell extension 'powershell' for command environment: Not usable outside of PowerShell
[0.106s] DEBUG:colcon.colcon_core.shell:Skip shell extension 'dsv' for command environment
[0.112s] DEBUG:colcon.colcon_core.event_handler.log_command:Invoking command in '/ws/ros2/build/object_pose': CMAKE_PREFIX_PATH=/opt/ros/humble /usr/bin/cmake /ws/ros2/object_pose -DCMAKE_INSTALL_PREFIX=/ws/ros2/install/object_pose
[0.643s] DEBUG:colcon.colcon_core.event_handler.log_command:Invoked command in '/ws/ros2/build/object_pose' returned '0': CMAKE_PREFIX_PATH=/opt/ros/humble /usr/bin/cmake /ws/ros2/object_pose -DCMAKE_INSTALL_PREFIX=/ws/ros2/install/object_pose
[0.645s] DEBUG:colcon.colcon_core.event_handler.log_command:Invoking command in '/ws/ros2/build/object_pose': CMAKE_PREFIX_PATH=/opt/ros/humble /usr/bin/cmake --build /ws/ros2/build/object_pose -- -j14 -l14
[3.473s] DEBUG:colcon.colcon_core.event_handler.log_command:Invoked command in '/ws/ros2/build/object_pose' returned '0': CMAKE_PREFIX_PATH=/opt/ros/humble /usr/bin/cmake --build /ws/ros2/build/object_pose -- -j14 -l14
[3.477s] DEBUG:colcon.colcon_core.event_handler.log_command:Invoking command in '/ws/ros2/build/object_pose': CMAKE_PREFIX_PATH=/opt/ros/humble /usr/bin/cmake --install /ws/ros2/build/object_pose
[3.528s] Level 1:colcon.colcon_core.environment:create_environment_scripts_only(object_pose)
[3.529s] Level 1:colcon.colcon_core.environment:checking '/ws/ros2/install/object_pose' for CMake module files
[3.529s] DEBUG:colcon.colcon_core.event_handler.log_command:Invoked command in '/ws/ros2/build/object_pose' returned '0': CMAKE_PREFIX_PATH=/opt/ros/humble /usr/bin/cmake --install /ws/ros2/build/object_pose
[3.530s] Level 1:colcon.colcon_core.environment:checking '/ws/ros2/install/object_pose' for CMake config files
[3.531s] Level 1:colcon.colcon_core.shell:create_environment_hook('object_pose', 'cmake_prefix_path')
[3.531s] INFO:colcon.colcon_core.shell:Creating environment hook '/ws/ros2/install/object_pose/share/object_pose/hook/cmake_prefix_path.ps1'
[3.532s] INFO:colcon.colcon_core.shell:Creating environment descriptor '/ws/ros2/install/object_pose/share/object_pose/hook/cmake_prefix_path.dsv'
[3.533s] INFO:colcon.colcon_core.shell:Creating environment hook '/ws/ros2/install/object_pose/share/object_pose/hook/cmake_prefix_path.sh'
[3.533s] Level 1:colcon.colcon_core.environment:checking '/ws/ros2/install/object_pose/lib'
[3.534s] Level 1:colcon.colcon_core.environment:checking '/ws/ros2/install/object_pose/bin'
[3.534s] Level 1:colcon.colcon_core.environment:checking '/ws/ros2/install/object_pose/lib/pkgconfig/object_pose.pc'
[3.535s] Level 1:colcon.colcon_core.environment:checking '/ws/ros2/install/object_pose/lib/python3.10/site-packages'
[3.535s] Level 1:colcon.colcon_core.environment:checking '/ws/ros2/install/object_pose/bin'
[3.535s] INFO:colcon.colcon_core.shell:Creating package script '/ws/ros2/install/object_pose/share/object_pose/package.ps1'
[3.536s] INFO:colcon.colcon_core.shell:Creating package descriptor '/ws/ros2/install/object_pose/share/object_pose/package.dsv'
[3.536s] INFO:colcon.colcon_core.shell:Creating package script '/ws/ros2/install/object_pose/share/object_pose/package.sh'
[3.537s] INFO:colcon.colcon_core.shell:Creating package script '/ws/ros2/install/object_pose/share/object_pose/package.bash'
[3.537s] INFO:colcon.colcon_core.shell:Creating package script '/ws/ros2/install/object_pose/share/object_pose/package.zsh'
[3.538s] Level 1:colcon.colcon_core.environment:create_file_with_runtime_dependencies(/ws/ros2/install/object_pose/share/colcon-core/packages/object_pose)
[3.539s] Level 1:colcon.colcon_core.environment:create_environment_scripts_only(object_pose)
[3.539s] Level 1:colcon.colcon_core.environment:checking '/ws/ros2/install/object_pose' for CMake module files
[3.541s] Level 1:colcon.colcon_core.environment:checking '/ws/ros2/install/object_pose' for CMake config files
[3.541s] Level 1:colcon.colcon_core.shell:create_environment_hook('object_pose', 'cmake_prefix_path')
[3.541s] INFO:colcon.colcon_core.shell:Creating environment hook '/ws/ros2/install/object_pose/share/object_pose/hook/cmake_prefix_path.ps1'
[3.542s] INFO:colcon.colcon_core.shell:Creating environment descriptor '/ws/ros2/install/object_pose/share/object_pose/hook/cmake_prefix_path.dsv'
[3.542s] INFO:colcon.colcon_core.shell:Creating environment hook '/ws/ros2/install/object_pose/share/object_pose/hook/cmake_prefix_path.sh'
[3.543s] Level 1:colcon.colcon_core.environment:checking '/ws/ros2/install/object_pose/lib'
[3.543s] Level 1:colcon.colcon_core.environment:checking '/ws/ros2/install/object_pose/bin'
[3.543s] Level 1:colcon.colcon_core.environment:checking '/ws/ros2/install/object_pose/lib/pkgconfig/object_pose.pc'
[3.543s] Level 1:colcon.colcon_core.environment:checking '/ws/ros2/install/object_pose/lib/python3.10/site-packages'
[3.543s] Level 1:colcon.colcon_core.environment:checking '/ws/ros2/install/object_pose/bin'
[3.543s] INFO:colcon.colcon_core.shell:Creating package script '/ws/ros2/install/object_pose/share/object_pose/package.ps1'
[3.544s] INFO:colcon.colcon_core.shell:Creating package descriptor '/ws/ros2/install/object_pose/share/object_pose/package.dsv'
[3.544s] INFO:colcon.colcon_core.shell:Creating package script '/ws/ros2/install/object_pose/share/object_pose/package.sh'
[3.545s] INFO:colcon.colcon_core.shell:Creating package script '/ws/ros2/install/object_pose/share/object_pose/package.bash'
[3.545s] INFO:colcon.colcon_core.shell:Creating package script '/ws/ros2/install/object_pose/share/object_pose/package.zsh'
[3.545s] Level 1:colcon.colcon_core.environment:create_file_with_runtime_dependencies(/ws/ros2/install/object_pose/share/colcon-core/packages/object_pose)
[3.546s] DEBUG:colcon.colcon_parallel_executor.executor.parallel:closing loop
[3.546s] DEBUG:colcon.colcon_parallel_executor.executor.parallel:loop closed
[3.546s] DEBUG:colcon.colcon_parallel_executor.executor.parallel:run_until_complete finished with '0'
[3.546s] DEBUG:colcon.colcon_core.event_reactor:joining thread
[3.549s] INFO:colcon.colcon_core.plugin_system:Skipping extension 'colcon_notification.desktop_notification.notify_send': Could not find 'notify-send'
[3.549s] INFO:colcon.colcon_core.plugin_system:Skipping extension 'colcon_notification.desktop_notification.terminal_notifier': Not used on non-Darwin systems
[3.549s] INFO:colcon.colcon_core.plugin_system:Skipping extension 'colcon_notification.desktop_notification.win32': Not used on non-Windows systems
[3.549s] INFO:colcon.colcon_notification.desktop_notification:Sending desktop notification using 'notify2'
[3.549s] DEBUG:colcon.colcon_notification.desktop_notification.notify2:Failed to initialize notify2: org.freedesktop.DBus.Error.NotSupported: Unable to autolaunch a dbus-daemon without a $DISPLAY for X11
[3.549s] DEBUG:colcon.colcon_core.event_reactor:joined thread
[3.549s] INFO:colcon.colcon_core.shell:Creating prefix script '/ws/ros2/install/local_setup.ps1'
[3.550s] INFO:colcon.colcon_core.shell:Creating prefix util module '/ws/ros2/install/_local_setup_util_ps1.py'
[3.551s] INFO:colcon.colcon_core.shell:Creating prefix chain script '/ws/ros2/install/setup.ps1'
[3.551s] INFO:colcon.colcon_core.shell:Creating prefix script '/ws/ros2/install/local_setup.sh'
[3.552s] INFO:colcon.colcon_core.shell:Creating prefix util module '/ws/ros2/install/_local_setup_util_sh.py'
[3.552s] INFO:colcon.colcon_core.shell:Creating prefix chain script '/ws/ros2/install/setup.sh'
[3.553s] INFO:colcon.colcon_core.shell:Creating prefix script '/ws/ros2/install/local_setup.bash'
[3.553s] INFO:colcon.colcon_core.shell:Creating prefix chain script '/ws/ros2/install/setup.bash'
[3.554s] INFO:colcon.colcon_core.shell:Creating prefix script '/ws/ros2/install/local_setup.zsh'
[3.555s] INFO:colcon.colcon_core.shell:Creating prefix chain script '/ws/ros2/install/setup.zsh'
