[INFO] [1782983539.005408916] [pose_latency_monitor]: Listening on /object_pose
[INFO] [1782983539.012607500] [pose_latency_monitor]: [1] pos=(0.046, -0.075, 0.647) latency=4.8 ms fps~=0.0 frame=camera_optical_frame
[INFO] [1782983539.116040541] [pose_latency_monitor]: [2] pos=(0.031, -0.069, 0.649) latency=7.1 ms fps~=9.7 frame=camera_optical_frame
[INFO] [1782983539.232587125] [pose_latency_monitor]: [3] pos=(0.016, -0.059, 0.650) latency=23.6 ms fps~=9.6 frame=camera_optical_frame
[INFO] [1782983539.324043916] [pose_latency_monitor]: [4] pos=(-0.000, -0.047, 0.650) latency=12.3 ms fps~=9.7 frame=camera_optical_frame
[INFO] [1782983539.421683792] [pose_latency_monitor]: [5] pos=(-0.016, -0.033, 0.650) latency=11.5 ms fps~=9.8 frame=camera_optical_frame
[INFO] [1782983539.540159125] [pose_latency_monitor]: [6] pos=(-0.031, -0.017, 0.649) latency=28.0 ms fps~=9.6 frame=camera_optical_frame
[INFO] [1782983539.638322167] [pose_latency_monitor]: [7] pos=(-0.046, -0.001, 0.647) latency=27.0 ms fps~=9.7 frame=camera_optical_frame
[INFO] [1782983539.734634917] [pose_latency_monitor]: [8] pos=(-0.059, 0.015, 0.645) latency=23.5 ms fps~=9.7 frame=camera_optical_frame
[INFO] [1782983539.838371167] [pose_latency_monitor]: [9] pos=(-0.071, 0.031, 0.642) latency=25.7 ms fps~=9.7 frame=camera_optical_frame
[INFO] [1782983539.942183625] [pose_latency_monitor]: [10] pos=(-0.080, 0.045, 0.639) latency=28.7 ms fps~=9.7 frame=camera_optical_frame
[INFO] [1782983540.022532250] [pose_latency_monitor]: [11] pos=(-0.090, 0.057, 0.635) latency=12.6 ms fps~=10.0 frame=camera_optical_frame
[INFO] [1782983540.135740042] [pose_latency_monitor]: [12] pos=(-0.095, 0.067, 0.631) latency=24.2 ms fps~=9.9 frame=camera_optical_frame
[INFO] [1782983540.237226250] [pose_latency_monitor]: [13] pos=(-0.099, 0.075, 0.626) latency=26.0 ms fps~=9.9 frame=camera_optical_frame
[INFO] [1782983540.334359167] [pose_latency_monitor]: [14] pos=(-0.101, 0.079, 0.621) latency=23.0 ms fps~=9.9 frame=camera_optical_frame
[INFO] [1782983540.421308334] [pose_latency_monitor]: [15] pos=(-0.098, 0.080, 0.615) latency=10.2 ms fps~=10.1 frame=camera_optical_frame
[INFO] [1782983540.524490459] [pose_latency_monitor]: [16] pos=(-0.095, 0.078, 0.609) latency=15.1 ms fps~=10.0 frame=camera_optical_frame
[INFO] [1782983540.636605334] [pose_latency_monitor]: [17] pos=(-0.089, 0.072, 0.602) latency=26.4 ms fps~=9.9 frame=camera_optical_frame
[INFO] [1782983540.734400375] [pose_latency_monitor]: [18] pos=(-0.080, 0.063, 0.595) latency=23.3 ms fps~=10.0 frame=camera_optical_frame
[INFO] [1782983540.842739251] [pose_latency_monitor]: [19] pos=(-0.071, 0.052, 0.588) latency=28.3 ms fps~=9.9 frame=camera_optical_frame
[INFO] [1782983540.936647626] [pose_latency_monitor]: [20] pos=(-0.059, 0.039, 0.581) latency=25.5 ms fps~=10.0 frame=camera_optical_frame
[INFO] [1782983541.040038126] [pose_latency_monitor]: [21] pos=(-0.046, 0.024, 0.573) latency=26.4 ms fps~=9.9 frame=camera_optical_frame
[INFO] [1782983541.140385751] [pose_latency_monitor]: [22] pos=(-0.031, 0.008, 0.566) latency=25.7 ms fps~=9.9 frame=camera_optical_frame
[INFO] [1782983541.221423626] [pose_latency_monitor]: [23] pos=(-0.016, -0.009, 0.558) latency=12.0 ms fps~=10.2 frame=camera_optical_frame
[INFO] [1782983541.336369917] [pose_latency_monitor]: [24] pos=(-0.000, -0.025, 0.550) latency=23.3 ms fps~=10.0 frame=camera_optical_frame
[INFO] [1782983541.432400876] [pose_latency_monitor]: [25] pos=(0.015, -0.039, 0.542) latency=19.9 ms fps~=10.1 frame=camera_optical_frame
[INFO] [1782983541.530795668] [pose_latency_monitor]: [26] pos=(0.031, -0.053, 0.534) latency=21.4 ms fps~=10.1 frame=camera_optical_frame
[INFO] [1782983541.643912876] [pose_latency_monitor]: [27] pos=(0.045, -0.064, 0.527) latency=28.2 ms fps~=10.0 frame=camera_optical_frame
[INFO] [1782983541.738527751] [pose_latency_monitor]: [28] pos=(0.058, -0.072, 0.519) latency=26.5 ms fps~=10.0 frame=camera_optical_frame
[INFO] [1782983541.837808584] [pose_latency_monitor]: [29] pos=(0.071, -0.078, 0.512) latency=26.3 ms fps~=10.0 frame=camera_optical_frame
[INFO] [1782983541.941566376] [pose_latency_monitor]: [30] pos=(0.081, -0.080, 0.505) latency=26.1 ms fps~=10.0 frame=camera_optical_frame
[INFO] [1782983542.034942543] [pose_latency_monitor]: [31] pos=(0.089, -0.079, 0.498) latency=21.9 ms fps~=10.1 frame=camera_optical_frame
[INFO] [1782983542.122305293] [pose_latency_monitor]: [32] pos=(0.095, -0.074, 0.491) latency=9.4 ms fps~=10.2 frame=camera_optical_frame
[INFO] [1782983542.240362668] [pose_latency_monitor]: [33] pos=(0.099, -0.067, 0.485) latency=26.3 ms fps~=10.0 frame=camera_optical_frame
[INFO] [1782983542.340526543] [pose_latency_monitor]: [34] pos=(0.100, -0.057, 0.479) latency=26.5 ms fps~=10.0 frame=camera_optical_frame
[INFO] [1782983542.443278293] [pose_latency_monitor]: [35] pos=(0.098, -0.044, 0.474) latency=27.6 ms fps~=10.0 frame=camera_optical_frame
[INFO] [1782983542.542810210] [pose_latency_monitor]: [36] pos=(0.095, -0.029, 0.469) latency=28.4 ms fps~=10.0 frame=camera_optical_frame
[INFO] [1782983542.642551126] [pose_latency_monitor]: [37] pos=(0.089, -0.014, 0.465) latency=27.5 ms fps~=10.0 frame=camera_optical_frame
[INFO] [1782983542.738351751] [pose_latency_monitor]: [38] pos=(0.081, 0.003, 0.461) latency=24.1 ms fps~=10.0 frame=camera_optical_frame
[INFO] [1782983542.839604335] [pose_latency_monitor]: [39] pos=(0.071, 0.018, 0.458) latency=24.7 ms fps~=10.0 frame=camera_optical_frame
[INFO] [1782983542.940020085] [pose_latency_monitor]: [40] pos=(0.059, 0.034, 0.455) latency=27.1 ms fps~=10.0 frame=camera_optical_frame
[INFO] [1782983543.041549502] [pose_latency_monitor]: [41] pos=(0.046, 0.048, 0.453) latency=26.2 ms fps~=10.0 frame=camera_optical_frame
[INFO] [1782983543.145305127] [pose_latency_monitor]: [42] pos=(0.031, 0.060, 0.451) latency=29.7 ms fps~=10.0 frame=camera_optical_frame
[INFO] [1782983543.226474543] [pose_latency_monitor]: [43] pos=(0.015, 0.069, 0.450) latency=18.6 ms fps~=10.2 frame=camera_optical_frame
[INFO] [1782983543.325991543] [pose_latency_monitor]: [44] pos=(-0.000, 0.076, 0.450) latency=18.3 ms fps~=10.2 frame=camera_optical_frame
[INFO] [1782983543.431654460] [pose_latency_monitor]: [45] pos=(-0.015, 0.080, 0.450) latency=21.8 ms fps~=10.1 frame=camera_optical_frame
[INFO] [1782983543.523205877] [pose_latency_monitor]: [46] pos=(-0.031, 0.080, 0.451) latency=9.8 ms fps~=10.2 frame=camera_optical_frame
[INFO] [1782983543.638442752] [pose_latency_monitor]: [47] pos=(-0.046, 0.077, 0.453) latency=28.5 ms fps~=10.0 frame=camera_optical_frame
[INFO] [1782983543.719838460] [pose_latency_monitor]: [48] pos=(-0.059, 0.070, 0.455) latency=11.4 ms fps~=10.3 frame=camera_optical_frame
[INFO] [1782983543.840518460] [pose_latency_monitor]: [49] pos=(-0.071, 0.061, 0.458) latency=28.4 ms fps~=10.1 frame=camera_optical_frame
[INFO] [1782983543.925538460] [pose_latency_monitor]: [50] pos=(-0.081, 0.049, 0.461) latency=13.7 ms fps~=10.2 frame=camera_optical_frame
[INFO] [1782983543.931135960] [rclcpp]: signal_handler(SIGINT/SIGTERM)
